<?xml version="1.0" encoding="UTF-8"?>
<beans xmlns="http://www.springframework.org/schema/beans"
       xmlns:xsi="http://www.w3.org/2001/XMLSchema-instance"
       xsi:schemaLocation="http://www.springframework.org/schema/beans http://www.springframework.org/schema/beans/spring-beans.xsd">
    <bean id="dataSource" class="org.springframework.jdbc.datasource.SimpleDriverDataSource" >
        <property name="driverClass" value="com.mysql.jdbc.Driver"/>
        <property name="url" value="jdbc:mysql://localhost:3306/testdb?autoReconnect=true&amp;useSSL=false" />
        <property name="username" value="root"/>
    </bean>
    <bean id="userDao" class="dj.practice.toby.user.dao.UserDaoJdbc">
        <property name="dataSource" ref="dataSource"/>
    </bean>
    <bean id="transactionManager" class="org.springframework.jdbc.datasource.DataSourceTransactionManager">
        <property name="dataSource" ref="dataSource"/>
    </bean>
    <bean id="transactionAdvice" class="dj.practice.toby.user.service.TransactionAdvice">
        <property name="transactionManager" ref="transactionManager"/>
    </bean>
    <bean id="transactionPointcut" class="org.springframework.aop.support.NameMatchMethodPointcut">
        <property name="mappedName" value="upgrade*" />
    </bean>
    <bean id="transactionAdvisor" class="org.springframework.aop.support.DefaultPointcutAdvisor">
        <property name="advice" ref="transactionAdvice"/>
        <property name="pointcut" ref="transactionPointcut"/>
    </bean>

    <bean id="mailSender" class="dj.practice.toby.user.service.DummyMailSender"/>
    <!--<bean id="userService" class="dj.practice.toby.user.service.TxProxyFactoryBean">-->
        <!--<property name="target" ref="userServiceImpl"/>-->
        <!--<property name="transactionManager" ref="transactionManager"/>-->
        <!--<property name="pattern" value="upgradeLevels" />-->
        <!--<property name="serviceInterface" value="dj.practice.toby.user.service.UserService"/>-->
    <!--</bean>-->
    <bean id="userServiceImpl" class="dj.practice.toby.user.service.UserServiceImpl">
        <property name="userDao" ref="userDao"/>
        <property name="mailSender" ref="mailSender"/>
    </bean>
    <bean id="userService" class="org.springframework.aop.framework.ProxyFactoryBean">
        <property name="target" ref="userServiceImpl"/>
        <property name="interceptorNames">
            <list>
                <value>transactionAdvisor</value>
            </list>
        </property>
    </bean>
</beans>