<?xml version="1.0" encoding="UTF-8"?>
<beans xmlns="http://www.springframework.org/schema/beans"
       xmlns:xsi="http://www.w3.org/2001/XMLSchema-instance"
       xmlns:context="http://www.springframework.org/schema/context"
       xmlns:aop="http://www.springframework.org/schema/aop"
       xmlns:tx="http://www.springframework.org/schema/tx"
       xsi:schemaLocation="http://www.springframework.org/schema/beans
       http://www.springframework.org/schema/beans/spring-beans.xsd
       http://www.springframework.org/schema/aop
       http://www.springframework.org/schema/aop/spring-aop-3.0.xsd
       http://www.springframework.org/schema/context
       http://www.springframework.org/schema/context/spring-context-3.0.xsd
       http://www.springframework.org/schema/tx
       http://www.springframework.org/schema/tx/spring-tx-2.5.xsd
">
    <bean id="dataSource" class="org.springframework.jdbc.datasource.SimpleDriverDataSource" >
        <property name="driverClass" value="com.mysql.jdbc.Driver"/>
        <property name="url" value="jdbc:mysql://localhost:3306/testdb?autoReconnect=true&amp;useSSL=false" />
        <property name="username" value="root"/>
    </bean>

    <bean id="sqlReader" class="dj.practice.toby.user.sqlservice.JaxbXmlSqlReader">
        <property name="sqlmapFile" value="/sqlmap.xml"/>
    </bean>

    <bean id="sqlRegistry" class="dj.practice.toby.user.sqlservice.HashMapSqlRegistry"/>

    <bean id="sqlService" class="dj.practice.toby.user.sqlservice.DefaultSqlService" />

    <bean id="userDao" class="dj.practice.toby.user.dao.UserDaoJdbc">
        <property name="dataSource" ref="dataSource"/>
        <property name="sqlService" ref="sqlService" />
    </bean>
    <bean id="transactionManager" class="org.springframework.jdbc.datasource.DataSourceTransactionManager">
        <property name="dataSource" ref="dataSource"/>
    </bean>
    <tx:annotation-driven />
    <context:annotation-config/>
    <bean id="mailSender" class="dj.practice.toby.user.service.DummyMailSender"/>
    <bean id="userService" class="dj.practice.toby.user.service.UserServiceImpl">
        <property name="userDao" ref="userDao"/>
        <property name="mailSender" ref="mailSender"/>
    </bean>
    <bean id="testUserService" class="dj.practice.toby.user.service.UserServiceTest$TestUserService"
          parent="userService" />
</beans>