<?xml version="1.0" encoding="UTF-8"?>
<beans xmlns="http://www.springframework.org/schema/beans"
       xmlns:xsi="http://www.w3.org/2001/XMLSchema-instance"
       xsi:schemaLocation="http://www.springframework.org/schema/beans http://www.springframework.org/schema/beans/spring-beans.xsd">
    <bean id="dataSource" class="org.springframework.jdbc.datasource.SimpleDriverDataSource" >
        <property name="driverClass" value="com.mysql.jdbc.Driver"/>
        <property name="url" value="jdbc:mysql://localhost:3306/testdb?autoReconnect=true&amp;useSSL=false" />
        <property name="username" value="root"/>
    </bean>
    <bean id="userDao" class="dj.practice.toby.user.dao.UserDaoJdbc">
        <property name="dataSource" ref="dataSource"/>
    </bean>
    <bean id="transactionManager" class="org.springframework.jdbc.datasource.DataSourceTransactionManager">
        <property name="dataSource" ref="dataSource"/>
    </bean>
    <bean id="mailSender" class="dj.practice.toby.user.service.DummyMailSender"/>
    <bean id="userService" class="dj.practice.toby.user.service.UserServiceTx">
        <property name="transactionManager" ref="transactionManager"/>
        <property name="userService" ref="userServiceImpl"/>
    </bean>
    <bean id="userServiceImpl" class="dj.practice.toby.user.service.UserServiceImpl">
        <property name="userDao" ref="userDao"/>
        <property name="mailSender" ref="mailSender"/>
    </bean>
</beans>